2025-01-29 17:57:55,962 [Worker-0: Loading available Gradle versions] INFO  o.e.b.c.i.u.g.PublishedGradleVersions - Gradle version information cache is up-to-date. Trying to read.
2025-01-29 17:58:19,214 [Worker-4: Building] INFO  o.a.m.s.f.DefaultMavenResourcesFiltering - skip non existing resourceDirectory C:\Users\USER\eclipse-workspace\OrangeHrm\HRM\src\main\resources
2025-01-29 17:58:19,228 [Worker-4: Building] INFO  o.a.m.s.f.DefaultMavenResourcesFiltering - skip non existing resourceDirectory C:\Users\USER\eclipse-workspace\OrangeHrm\HRM\src\test\resources
2025-01-29 17:58:45,959 [Worker-0: Building] INFO  o.a.m.s.f.DefaultMavenResourcesFiltering - skip non existing resourceDirectory C:\Users\USER\eclipse-workspace\OrangeHrm\HRM\src\main\resources
2025-01-29 17:58:45,966 [Worker-0: Building] INFO  o.a.m.s.f.DefaultMavenResourcesFiltering - skip non existing resourceDirectory C:\Users\USER\eclipse-workspace\OrangeHrm\HRM\src\test\resources
2025-01-29 18:00:19,341 [Worker-8: Building] INFO  o.a.m.s.f.DefaultMavenResourcesFiltering - skip non existing resourceDirectory C:\Users\USER\eclipse-workspace\OrangeHrm\HRM\src\main\resources
2025-01-29 18:00:19,349 [Worker-8: Building] INFO  o.a.m.s.f.DefaultMavenResourcesFiltering - skip non existing resourceDirectory C:\Users\USER\eclipse-workspace\OrangeHrm\HRM\src\test\resources
2025-01-29 18:01:57,815 [Worker-9: Building] INFO  o.a.m.s.f.DefaultMavenResourcesFiltering - skip non existing resourceDirectory C:\Users\USER\eclipse-workspace\OrangeHrm\HRM\src\main\resources
2025-01-29 18:01:57,821 [Worker-9: Building] INFO  o.a.m.s.f.DefaultMavenResourcesFiltering - skip non existing resourceDirectory C:\Users\USER\eclipse-workspace\OrangeHrm\HRM\src\test\resources
2025-01-29 18:03:00,332 [Worker-9: Building] INFO  o.a.m.s.f.DefaultMavenResourcesFiltering - skip non existing resourceDirectory C:\Users\USER\eclipse-workspace\OrangeHrm\HRM\src\main\resources
2025-01-29 18:03:00,340 [Worker-9: Building] INFO  o.a.m.s.f.DefaultMavenResourcesFiltering - skip non existing resourceDirectory C:\Users\USER\eclipse-workspace\OrangeHrm\HRM\src\test\resources
2025-01-29 18:05:47,051 [Worker-3: Building] INFO  o.a.m.s.f.DefaultMavenResourcesFiltering - skip non existing resourceDirectory C:\Users\USER\eclipse-workspace\OrangeHrm\HRM\src\main\resources
2025-01-29 18:05:47,057 [Worker-3: Building] INFO  o.a.m.s.f.DefaultMavenResourcesFiltering - skip non existing resourceDirectory C:\Users\USER\eclipse-workspace\OrangeHrm\HRM\src\test\resources
2025-01-29 18:05:58,670 [Worker-11: Building] INFO  o.a.m.s.f.DefaultMavenResourcesFiltering - skip non existing resourceDirectory C:\Users\USER\eclipse-workspace\OrangeHrm\HRM\src\main\resources
2025-01-29 18:05:58,675 [Worker-11: Building] INFO  o.a.m.s.f.DefaultMavenResourcesFiltering - skip non existing resourceDirectory C:\Users\USER\eclipse-workspace\OrangeHrm\HRM\src\test\resources
2025-01-29 18:08:52,191 [Worker-11: Building] INFO  o.a.m.s.f.DefaultMavenResourcesFiltering - skip non existing resourceDirectory C:\Users\USER\eclipse-workspace\OrangeHrm\HRM\src\main\resources
2025-01-29 18:08:52,196 [Worker-11: Building] INFO  o.a.m.s.f.DefaultMavenResourcesFiltering - skip non existing resourceDirectory C:\Users\USER\eclipse-workspace\OrangeHrm\HRM\src\test\resources
2025-01-29 18:12:43,339 [Worker-5: Building] INFO  o.a.m.s.f.DefaultMavenResourcesFiltering - skip non existing resourceDirectory C:\Users\USER\eclipse-workspace\OrangeHrm\HRM\src\main\resources
2025-01-29 18:12:43,344 [Worker-5: Building] INFO  o.a.m.s.f.DefaultMavenResourcesFiltering - skip non existing resourceDirectory C:\Users\USER\eclipse-workspace\OrangeHrm\HRM\src\test\resources
2025-01-29 18:17:27,819 [Worker-2: Building] INFO  o.a.m.s.f.DefaultMavenResourcesFiltering - skip non existing resourceDirectory C:\Users\USER\eclipse-workspace\OrangeHrm\HRM\src\main\resources
2025-01-29 18:17:27,825 [Worker-2: Building] INFO  o.a.m.s.f.DefaultMavenResourcesFiltering - skip non existing resourceDirectory C:\Users\USER\eclipse-workspace\OrangeHrm\HRM\src\test\resources
2025-01-29 18:17:44,452 [Worker-2: Building] INFO  o.a.m.s.f.DefaultMavenResourcesFiltering - skip non existing resourceDirectory C:\Users\USER\eclipse-workspace\OrangeHrm\HRM\src\main\resources
2025-01-29 18:17:44,458 [Worker-2: Building] INFO  o.a.m.s.f.DefaultMavenResourcesFiltering - skip non existing resourceDirectory C:\Users\USER\eclipse-workspace\OrangeHrm\HRM\src\test\resources
2025-01-29 18:17:53,947 [Worker-2: Building] INFO  o.a.m.s.f.DefaultMavenResourcesFiltering - skip non existing resourceDirectory C:\Users\USER\eclipse-workspace\OrangeHrm\HRM\src\main\resources
2025-01-29 18:17:53,953 [Worker-2: Building] INFO  o.a.m.s.f.DefaultMavenResourcesFiltering - skip non existing resourceDirectory C:\Users\USER\eclipse-workspace\OrangeHrm\HRM\src\test\resources
2025-01-29 18:17:57,775 [Worker-15: Building] INFO  o.a.m.s.f.DefaultMavenResourcesFiltering - skip non existing resourceDirectory C:\Users\USER\eclipse-workspace\OrangeHrm\HRM\src\main\resources
2025-01-29 18:17:57,780 [Worker-15: Building] INFO  o.a.m.s.f.DefaultMavenResourcesFiltering - skip non existing resourceDirectory C:\Users\USER\eclipse-workspace\OrangeHrm\HRM\src\test\resources
2025-01-29 18:18:10,914 [Worker-2: Building] INFO  o.a.m.s.f.DefaultMavenResourcesFiltering - skip non existing resourceDirectory C:\Users\USER\eclipse-workspace\OrangeHrm\HRM\src\main\resources
2025-01-29 18:18:10,920 [Worker-2: Building] INFO  o.a.m.s.f.DefaultMavenResourcesFiltering - skip non existing resourceDirectory C:\Users\USER\eclipse-workspace\OrangeHrm\HRM\src\test\resources
2025-01-29 18:19:07,842 [Worker-16: Building] INFO  o.a.m.s.f.DefaultMavenResourcesFiltering - skip non existing resourceDirectory C:\Users\USER\eclipse-workspace\OrangeHrm\HRM\src\main\resources
2025-01-29 18:19:07,847 [Worker-16: Building] INFO  o.a.m.s.f.DefaultMavenResourcesFiltering - skip non existing resourceDirectory C:\Users\USER\eclipse-workspace\OrangeHrm\HRM\src\test\resources
2025-01-29 18:19:45,331 [Worker-2: Building] INFO  o.a.m.s.f.DefaultMavenResourcesFiltering - skip non existing resourceDirectory C:\Users\USER\eclipse-workspace\OrangeHrm\HRM\src\main\resources
2025-01-29 18:19:45,343 [Worker-2: Building] INFO  o.a.m.s.f.DefaultMavenResourcesFiltering - skip non existing resourceDirectory C:\Users\USER\eclipse-workspace\OrangeHrm\HRM\src\test\resources
2025-01-29 18:20:05,884 [Worker-15: Building] INFO  o.a.m.s.f.DefaultMavenResourcesFiltering - skip non existing resourceDirectory C:\Users\USER\eclipse-workspace\OrangeHrm\HRM\src\main\resources
2025-01-29 18:20:05,889 [Worker-15: Building] INFO  o.a.m.s.f.DefaultMavenResourcesFiltering - skip non existing resourceDirectory C:\Users\USER\eclipse-workspace\OrangeHrm\HRM\src\test\resources
2025-01-29 18:21:01,956 [Worker-17: Building] INFO  o.a.m.s.f.DefaultMavenResourcesFiltering - skip non existing resourceDirectory C:\Users\USER\eclipse-workspace\OrangeHrm\HRM\src\main\resources
2025-01-29 18:21:01,961 [Worker-17: Building] INFO  o.a.m.s.f.DefaultMavenResourcesFiltering - skip non existing resourceDirectory C:\Users\USER\eclipse-workspace\OrangeHrm\HRM\src\test\resources
2025-01-29 18:26:04,778 [Worker-5: Building] INFO  o.a.m.s.f.DefaultMavenResourcesFiltering - skip non existing resourceDirectory C:\Users\USER\eclipse-workspace\OrangeHrm\HRM\src\main\resources
2025-01-29 18:26:04,783 [Worker-5: Building] INFO  o.a.m.s.f.DefaultMavenResourcesFiltering - skip non existing resourceDirectory C:\Users\USER\eclipse-workspace\OrangeHrm\HRM\src\test\resources
2025-01-29 18:26:37,663 [Worker-2: Building] INFO  o.a.m.s.f.DefaultMavenResourcesFiltering - skip non existing resourceDirectory C:\Users\USER\eclipse-workspace\OrangeHrm\HRM\src\main\resources
2025-01-29 18:26:37,668 [Worker-2: Building] INFO  o.a.m.s.f.DefaultMavenResourcesFiltering - skip non existing resourceDirectory C:\Users\USER\eclipse-workspace\OrangeHrm\HRM\src\test\resources
2025-01-29 18:28:09,263 [Worker-2: Building] INFO  o.a.m.s.f.DefaultMavenResourcesFiltering - skip non existing resourceDirectory C:\Users\USER\eclipse-workspace\OrangeHrm\HRM\src\main\resources
2025-01-29 18:28:09,271 [Worker-2: Building] INFO  o.a.m.s.f.DefaultMavenResourcesFiltering - skip non existing resourceDirectory C:\Users\USER\eclipse-workspace\OrangeHrm\HRM\src\test\resources
2025-01-29 18:28:19,359 [Worker-19: Building] INFO  o.a.m.s.f.DefaultMavenResourcesFiltering - skip non existing resourceDirectory C:\Users\USER\eclipse-workspace\OrangeHrm\HRM\src\main\resources
2025-01-29 18:28:19,364 [Worker-19: Building] INFO  o.a.m.s.f.DefaultMavenResourcesFiltering - skip non existing resourceDirectory C:\Users\USER\eclipse-workspace\OrangeHrm\HRM\src\test\resources
2025-01-29 18:28:24,007 [Worker-18: Building] INFO  o.a.m.s.f.DefaultMavenResourcesFiltering - skip non existing resourceDirectory C:\Users\USER\eclipse-workspace\OrangeHrm\HRM\src\main\resources
2025-01-29 18:28:24,011 [Worker-18: Building] INFO  o.a.m.s.f.DefaultMavenResourcesFiltering - skip non existing resourceDirectory C:\Users\USER\eclipse-workspace\OrangeHrm\HRM\src\test\resources
2025-01-29 18:28:37,860 [Worker-19: Building] INFO  o.a.m.s.f.DefaultMavenResourcesFiltering - skip non existing resourceDirectory C:\Users\USER\eclipse-workspace\OrangeHrm\HRM\src\main\resources
2025-01-29 18:28:37,880 [Worker-19: Building] INFO  o.a.m.s.f.DefaultMavenResourcesFiltering - skip non existing resourceDirectory C:\Users\USER\eclipse-workspace\OrangeHrm\HRM\src\test\resources
2025-01-29 18:28:49,504 [Worker-5: Launching TC001_Login] INFO  o.a.m.s.f.DefaultMavenResourcesFiltering - skip non existing resourceDirectory C:\Users\USER\eclipse-workspace\OrangeHrm\HRM\src\main\resources
2025-01-29 18:28:49,510 [Worker-5: Launching TC001_Login] INFO  o.a.m.s.f.DefaultMavenResourcesFiltering - skip non existing resourceDirectory C:\Users\USER\eclipse-workspace\OrangeHrm\HRM\src\test\resources
2025-01-29 18:30:39,064 [Worker-17: Building] INFO  o.a.m.s.f.DefaultMavenResourcesFiltering - skip non existing resourceDirectory C:\Users\USER\eclipse-workspace\OrangeHrm\HRM\src\main\resources
2025-01-29 18:30:39,069 [Worker-17: Building] INFO  o.a.m.s.f.DefaultMavenResourcesFiltering - skip non existing resourceDirectory C:\Users\USER\eclipse-workspace\OrangeHrm\HRM\src\test\resources
2025-01-29 18:34:18,402 [Worker-20: Building] INFO  o.a.m.s.f.DefaultMavenResourcesFiltering - skip non existing resourceDirectory C:\Users\USER\eclipse-workspace\OrangeHrm\HRM\src\main\resources
2025-01-29 18:34:18,406 [Worker-20: Building] INFO  o.a.m.s.f.DefaultMavenResourcesFiltering - skip non existing resourceDirectory C:\Users\USER\eclipse-workspace\OrangeHrm\HRM\src\test\resources
2025-01-29 18:34:23,364 [Worker-19: Building] INFO  o.a.m.s.f.DefaultMavenResourcesFiltering - skip non existing resourceDirectory C:\Users\USER\eclipse-workspace\OrangeHrm\HRM\src\main\resources
2025-01-29 18:34:23,368 [Worker-19: Building] INFO  o.a.m.s.f.DefaultMavenResourcesFiltering - skip non existing resourceDirectory C:\Users\USER\eclipse-workspace\OrangeHrm\HRM\src\test\resources
2025-01-29 18:35:01,937 [Worker-5: Building] INFO  o.a.m.s.f.DefaultMavenResourcesFiltering - skip non existing resourceDirectory C:\Users\USER\eclipse-workspace\OrangeHrm\HRM\src\main\resources
2025-01-29 18:35:01,941 [Worker-5: Building] INFO  o.a.m.s.f.DefaultMavenResourcesFiltering - skip non existing resourceDirectory C:\Users\USER\eclipse-workspace\OrangeHrm\HRM\src\test\resources
2025-01-29 18:35:30,725 [Worker-19: Building] INFO  o.a.m.s.f.DefaultMavenResourcesFiltering - skip non existing resourceDirectory C:\Users\USER\eclipse-workspace\OrangeHrm\HRM\src\main\resources
2025-01-29 18:35:30,738 [Worker-19: Building] INFO  o.a.m.s.f.DefaultMavenResourcesFiltering - skip non existing resourceDirectory C:\Users\USER\eclipse-workspace\OrangeHrm\HRM\src\test\resources
2025-01-29 18:36:19,988 [Worker-2: Building] INFO  o.a.m.s.f.DefaultMavenResourcesFiltering - skip non existing resourceDirectory C:\Users\USER\eclipse-workspace\OrangeHrm\HRM\src\main\resources
2025-01-29 18:36:19,993 [Worker-2: Building] INFO  o.a.m.s.f.DefaultMavenResourcesFiltering - skip non existing resourceDirectory C:\Users\USER\eclipse-workspace\OrangeHrm\HRM\src\test\resources
2025-01-29 18:36:24,107 [Worker-17: Building] INFO  o.a.m.s.f.DefaultMavenResourcesFiltering - skip non existing resourceDirectory C:\Users\USER\eclipse-workspace\OrangeHrm\HRM\src\main\resources
2025-01-29 18:36:24,111 [Worker-17: Building] INFO  o.a.m.s.f.DefaultMavenResourcesFiltering - skip non existing resourceDirectory C:\Users\USER\eclipse-workspace\OrangeHrm\HRM\src\test\resources
2025-01-29 18:39:02,215 [Worker-13: Building] INFO  o.a.m.s.f.DefaultMavenResourcesFiltering - skip non existing resourceDirectory C:\Users\USER\eclipse-workspace\OrangeHrm\HRM\src\main\resources
2025-01-29 18:39:02,219 [Worker-13: Building] INFO  o.a.m.s.f.DefaultMavenResourcesFiltering - skip non existing resourceDirectory C:\Users\USER\eclipse-workspace\OrangeHrm\HRM\src\test\resources
2025-01-29 18:39:41,849 [Worker-17: Building] INFO  o.a.m.s.f.DefaultMavenResourcesFiltering - skip non existing resourceDirectory C:\Users\USER\eclipse-workspace\OrangeHrm\HRM\src\main\resources
2025-01-29 18:39:41,853 [Worker-17: Building] INFO  o.a.m.s.f.DefaultMavenResourcesFiltering - skip non existing resourceDirectory C:\Users\USER\eclipse-workspace\OrangeHrm\HRM\src\test\resources
2025-01-29 18:39:55,027 [Worker-2: Building] INFO  o.a.m.s.f.DefaultMavenResourcesFiltering - skip non existing resourceDirectory C:\Users\USER\eclipse-workspace\OrangeHrm\HRM\src\main\resources
2025-01-29 18:39:55,030 [Worker-2: Building] INFO  o.a.m.s.f.DefaultMavenResourcesFiltering - skip non existing resourceDirectory C:\Users\USER\eclipse-workspace\OrangeHrm\HRM\src\test\resources
2025-01-29 18:46:43,160 [Worker-19: Building] INFO  o.a.m.s.f.DefaultMavenResourcesFiltering - skip non existing resourceDirectory C:\Users\USER\eclipse-workspace\OrangeHrm\HRM\src\main\resources
2025-01-29 18:46:43,164 [Worker-19: Building] INFO  o.a.m.s.f.DefaultMavenResourcesFiltering - skip non existing resourceDirectory C:\Users\USER\eclipse-workspace\OrangeHrm\HRM\src\test\resources
2025-01-29 18:48:01,466 [Worker-22: Building] INFO  o.a.m.s.f.DefaultMavenResourcesFiltering - skip non existing resourceDirectory C:\Users\USER\eclipse-workspace\OrangeHrm\HRM\src\main\resources
2025-01-29 18:48:01,470 [Worker-22: Building] INFO  o.a.m.s.f.DefaultMavenResourcesFiltering - skip non existing resourceDirectory C:\Users\USER\eclipse-workspace\OrangeHrm\HRM\src\test\resources
2025-01-29 18:48:29,246 [Worker-22: Building] INFO  o.a.m.s.f.DefaultMavenResourcesFiltering - skip non existing resourceDirectory C:\Users\USER\eclipse-workspace\OrangeHrm\HRM\src\main\resources
2025-01-29 18:48:29,250 [Worker-22: Building] INFO  o.a.m.s.f.DefaultMavenResourcesFiltering - skip non existing resourceDirectory C:\Users\USER\eclipse-workspace\OrangeHrm\HRM\src\test\resources
2025-01-29 18:48:38,985 [Worker-19: Building] INFO  o.a.m.s.f.DefaultMavenResourcesFiltering - skip non existing resourceDirectory C:\Users\USER\eclipse-workspace\OrangeHrm\HRM\src\main\resources
2025-01-29 18:48:38,989 [Worker-19: Building] INFO  o.a.m.s.f.DefaultMavenResourcesFiltering - skip non existing resourceDirectory C:\Users\USER\eclipse-workspace\OrangeHrm\HRM\src\test\resources
2025-01-29 18:49:13,159 [Worker-24: Building] INFO  o.a.m.s.f.DefaultMavenResourcesFiltering - skip non existing resourceDirectory C:\Users\USER\eclipse-workspace\OrangeHrm\HRM\src\main\resources
2025-01-29 18:49:13,164 [Worker-24: Building] INFO  o.a.m.s.f.DefaultMavenResourcesFiltering - skip non existing resourceDirectory C:\Users\USER\eclipse-workspace\OrangeHrm\HRM\src\test\resources
2025-01-29 18:50:06,600 [Worker-26: Building] INFO  o.a.m.s.f.DefaultMavenResourcesFiltering - skip non existing resourceDirectory C:\Users\USER\eclipse-workspace\OrangeHrm\HRM\src\main\resources
2025-01-29 18:50:06,604 [Worker-26: Building] INFO  o.a.m.s.f.DefaultMavenResourcesFiltering - skip non existing resourceDirectory C:\Users\USER\eclipse-workspace\OrangeHrm\HRM\src\test\resources
2025-01-29 18:50:10,532 [Worker-25: Building] INFO  o.a.m.s.f.DefaultMavenResourcesFiltering - skip non existing resourceDirectory C:\Users\USER\eclipse-workspace\OrangeHrm\HRM\src\main\resources
2025-01-29 18:50:10,535 [Worker-25: Building] INFO  o.a.m.s.f.DefaultMavenResourcesFiltering - skip non existing resourceDirectory C:\Users\USER\eclipse-workspace\OrangeHrm\HRM\src\test\resources
2025-01-29 18:51:29,780 [Worker-26: Building] INFO  o.a.m.s.f.DefaultMavenResourcesFiltering - skip non existing resourceDirectory C:\Users\USER\eclipse-workspace\OrangeHrm\HRM\src\main\resources
2025-01-29 18:51:29,784 [Worker-26: Building] INFO  o.a.m.s.f.DefaultMavenResourcesFiltering - skip non existing resourceDirectory C:\Users\USER\eclipse-workspace\OrangeHrm\HRM\src\test\resources
2025-01-29 18:51:40,172 [Worker-19: Building] INFO  o.a.m.s.f.DefaultMavenResourcesFiltering - skip non existing resourceDirectory C:\Users\USER\eclipse-workspace\OrangeHrm\HRM\src\main\resources
2025-01-29 18:51:40,175 [Worker-19: Building] INFO  o.a.m.s.f.DefaultMavenResourcesFiltering - skip non existing resourceDirectory C:\Users\USER\eclipse-workspace\OrangeHrm\HRM\src\test\resources
2025-01-29 18:52:51,617 [Worker-22: Building] INFO  o.a.m.s.f.DefaultMavenResourcesFiltering - skip non existing resourceDirectory C:\Users\USER\eclipse-workspace\OrangeHrm\HRM\src\main\resources
2025-01-29 18:52:51,621 [Worker-22: Building] INFO  o.a.m.s.f.DefaultMavenResourcesFiltering - skip non existing resourceDirectory C:\Users\USER\eclipse-workspace\OrangeHrm\HRM\src\test\resources
